<?xml version="1.0" encoding="UTF-8"?>
<testng-results ignored="0" total="5" passed="5" failed="0" skipped="0">
  <reporter-output>
  </reporter-output>
  <suite started-at="2024-01-31T16:58:45 IST" name="Default suite" finished-at="2024-01-31T16:58:45 IST" duration-ms="62">
    <groups>
    </groups>
    <test started-at="2024-01-31T16:58:45 IST" name="Default test" finished-at="2024-01-31T16:58:45 IST" duration-ms="62">
      <class name="com.GitConflict.ATE1.Class1">
        <test-method signature="m5()[pri:-2, instance:com.GitConflict.ATE1.Class1@54422e18]" started-at="2024-01-31T16:58:45 IST" name="m5" finished-at="2024-01-31T16:58:45 IST" duration-ms="9" status="PASS">
          <reporter-output>
          </reporter-output>
        </test-method> <!-- m5 -->
        <test-method signature="m4()[pri:-1, instance:com.GitConflict.ATE1.Class1@54422e18]" started-at="2024-01-31T16:58:45 IST" name="m4" finished-at="2024-01-31T16:58:45 IST" duration-ms="2" status="PASS">
          <reporter-output>
          </reporter-output>
        </test-method> <!-- m4 -->
        <test-method signature="m3()[pri:0, instance:com.GitConflict.ATE1.Class1@54422e18]" started-at="2024-01-31T16:58:45 IST" name="m3" finished-at="2024-01-31T16:58:45 IST" duration-ms="3" status="PASS">
          <reporter-output>
          </reporter-output>
        </test-method> <!-- m3 -->
        <test-method signature="m2()[pri:1, instance:com.GitConflict.ATE1.Class1@54422e18]" started-at="2024-01-31T16:58:45 IST" name="m2" finished-at="2024-01-31T16:58:45 IST" duration-ms="2" status="PASS">
          <reporter-output>
          </reporter-output>
        </test-method> <!-- m2 -->
        <test-method signature="m1()[pri:2, instance:com.GitConflict.ATE1.Class1@54422e18]" started-at="2024-01-31T16:58:45 IST" name="m1" finished-at="2024-01-31T16:58:45 IST" duration-ms="1" status="PASS">
          <reporter-output>
          </reporter-output>
        </test-method> <!-- m1 -->
      </class> <!-- com.GitConflict.ATE1.Class1 -->
    </test> <!-- Default test -->
  </suite> <!-- Default suite -->
</testng-results>
